<?xml version="1.0" encoding="UTF-8"?>
<testsuite xmlns:xsi="http://www.w3.org/2001/XMLSchema-instance" xsi:schemaLocation="https://maven.apache.org/surefire/maven-surefire-plugin/xsd/surefire-test-report.xsd" name="twitter4j.UsersResourcesTest" time="0.014" tests="8" errors="8" skipped="0" failures="0">
  <properties>
[...]
</properties>
  <testcase name="testMuteMethods" classname="twitter4j.UsersResourcesTest" time="0.008">
    <error message="Could not initialize class twitter4j.TwitterTestBase" type="java.lang.NoClassDefFoundError">java.lang.NoClassDefFoundError: Could not initialize class twitter4j.TwitterTestBase
</error>
  </testcase>
  <testcase name="testSearchUser" classname="twitter4j.UsersResourcesTest" time="0.001">
    <error message="Could not initialize class twitter4j.UsersResourcesTest" type="java.lang.NoClassDefFoundError">java.lang.NoClassDefFoundError: Could not initialize class twitter4j.UsersResourcesTest
</error>
  </testcase>
  <testcase name="testAccountProfileImageUpdates" classname="twitter4j.UsersResourcesTest" time="0.001">
    <error message="Could not initialize class twitter4j.UsersResourcesTest" type="java.lang.NoClassDefFoundError">java.lang.NoClassDefFoundError: Could not initialize class twitter4j.UsersResourcesTest
</error>
  </testcase>
  <testcase name="testShowUser" classname="twitter4j.UsersResourcesTest" time="0">
    <error message="Could not initialize class twitter4j.UsersResourcesTest" type="java.lang.NoClassDefFoundError">java.lang.NoClassDefFoundError: Could not initialize class twitter4j.UsersResourcesTest
</error>
  </testcase>
  <testcase name="testAccountMethods" classname="twitter4j.UsersResourcesTest" time="0">
    <error message="Could not initialize class twitter4j.UsersResourcesTest" type="java.lang.NoClassDefFoundError">java.lang.NoClassDefFoundError: Could not initialize class twitter4j.UsersResourcesTest
</error>
  </testcase>
  <testcase name="testLookupUsers" classname="twitter4j.UsersResourcesTest" time="0">
    <error message="Could not initialize class twitter4j.UsersResourcesTest" type="java.lang.NoClassDefFoundError">java.lang.NoClassDefFoundError: Could not initialize class twitter4j.UsersResourcesTest
</error>
  </testcase>
  <testcase name="testBanner" classname="twitter4j.UsersResourcesTest" time="0">
    <error message="Could not initialize class twitter4j.UsersResourcesTest" type="java.lang.NoClassDefFoundError">java.lang.NoClassDefFoundError: Could not initialize class twitter4j.UsersResourcesTest
</error>
  </testcase>
  <testcase name="testBlockMethods" classname="twitter4j.UsersResourcesTest" time="0">
    <error message="Could not initialize class twitter4j.UsersResourcesTest" type="java.lang.NoClassDefFoundError">java.lang.NoClassDefFoundError: Could not initialize class twitter4j.UsersResourcesTest
</error>
  </testcase>
</testsuite>