-------------------------------------------------------------------------------
Test set: twitter4j.auth.ApplicationOnlyAuthTest
-------------------------------------------------------------------------------
Tests run: 7, Failures: 0, Errors: 7, Skipped: 0, Time elapsed: 0.031 sec <<< FAILURE! - in twitter4j.auth.ApplicationOnlyAuthTest
testSettingAccessTokenFromPropertyFile()  Time elapsed: 0.001 sec  <<< ERROR!
java.lang.NoClassDefFoundError: Could not initialize class twitter4j.TwitterTestBase

testSettingAccessToken1()  Time elapsed: 0 sec  <<< ERROR!
java.lang.NoClassDefFoundError: Could not initialize class twitter4j.auth.ApplicationOnlyAuthTest

testSettingAccessToken2()  Time elapsed: 0 sec  <<< ERROR!
java.lang.NoClassDefFoundError: Could not initialize class twitter4j.auth.ApplicationOnlyAuthTest

testAuthWithPropertyFile()  Time elapsed: 0 sec  <<< ERROR!
java.lang.NoClassDefFoundError: Could not initialize class twitter4j.auth.ApplicationOnlyAuthTest

testAuthWithBuildingConf1()  Time elapsed: 0.002 sec  <<< ERROR!
java.lang.NoClassDefFoundError: Could not initialize class twitter4j.auth.ApplicationOnlyAuthTest

testAuthWithBuildingConf2()  Time elapsed: 0.003 sec  <<< ERROR!
java.lang.NoClassDefFoundError: Could not initialize class twitter4j.auth.ApplicationOnlyAuthTest

testInvalidation()  Time elapsed: 0 sec  <<< ERROR!
java.lang.NoClassDefFoundError: Could not initialize class twitter4j.auth.ApplicationOnlyAuthTest

