-------------------------------------------------------------------------------
Test set: twitter4j.DispatcherTest
-------------------------------------------------------------------------------
Tests run: 1, Failures: 0, Errors: 1, Skipped: 0, Time elapsed: 0.011 sec <<< FAILURE! - in twitter4j.DispatcherTest
testInvokeLater()  Time elapsed: 0.008 sec  <<< ERROR!
java.lang.ExceptionInInitializerError
	at twitter4j.DispatcherTest.testInvokeLater(DispatcherTest.java:46)
Caused by: org.apache.commons.logging.LogConfigurationException: org.apache.commons.logging.LogConfigurationException: No suitable Log constructor [Ljava.lang.Class;@6a472554 for org.apache.commons.logging.impl.Log4JLogger (Caused by java.lang.NoClassDefFoundError: org/apache/log4j/Category) (Caused by org.apache.commons.logging.LogConfigurationException: No suitable Log constructor [Ljava.lang.Class;@6a472554 for org.apache.commons.logging.impl.Log4JLogger (Caused by java.lang.NoClassDefFoundError: org/apache/log4j/Category))
	at twitter4j.DispatcherTest.testInvokeLater(DispatcherTest.java:46)
Caused by: org.apache.commons.logging.LogConfigurationException: No suitable Log constructor [Ljava.lang.Class;@6a472554 for org.apache.commons.logging.impl.Log4JLogger (Caused by java.lang.NoClassDefFoundError: org/apache/log4j/Category)
	at twitter4j.DispatcherTest.testInvokeLater(DispatcherTest.java:46)
Caused by: java.lang.NoClassDefFoundError: org/apache/log4j/Category
	at twitter4j.DispatcherTest.testInvokeLater(DispatcherTest.java:46)
Caused by: java.lang.ClassNotFoundException: org.apache.log4j.Category
	at twitter4j.DispatcherTest.testInvokeLater(DispatcherTest.java:46)

